<?xml version="1.0" encoding="UTF-8"?>
<!-- Generated by org.testng.reporters.JUnitReportReporter -->
<testsuite hostname="DESKTOP-5IVSICI" name="DynamicJson" tests="3" failures="0" timestamp="28 May 2020 20:18:50 GMT" time="5.457" errors="0">
  <testcase name="addBook" time="1.124" classname="DynamicJson"/>
  <testcase name="addBook" time="1.014" classname="DynamicJson"/>
  <testcase name="addBook" time="3.319" classname="DynamicJson"/>
</testsuite> <!-- DynamicJson -->
